<?xml version="1.0" encoding="UTF-8"?>
<testsuite xmlns:xsi="http://www.w3.org/2001/XMLSchema-instance" xsi:noNamespaceSchemaLocation="https://maven.apache.org/surefire/maven-surefire-plugin/xsd/surefire-test-report.xsd" name="com.yvsistemas.cloudparking.controller.ParkingControllerTest" time="18.836" tests="2" errors="0" skipped="0" failures="0">
  <properties>
    <property name="sun.desktop" value="gnome"/>
    <property name="awt.toolkit" value="sun.awt.X11.XToolkit"/>
    <property name="java.specification.version" value="11"/>
    <property name="sun.cpu.isalist" value=""/>
    <property name="sun.jnu.encoding" value="UTF-8"/>
    <property name="java.class.path" value="/media/yvs/Arquivos/desenvolvimento/DIO/Java/cloud-parking/target/test-classes:/media/yvs/Arquivos/desenvolvimento/DIO/Java/cloud-parking/target/classes:/home/yvs/.m2/repository/org/springframework/boot/spring-boot-starter-web/2.4.0/spring-boot-starter-web-2.4.0.jar:/home/yvs/.m2/repository/org/springframework/boot/spring-boot-starter/2.4.0/spring-boot-starter-2.4.0.jar:/home/yvs/.m2/repository/org/springframework/boot/spring-boot-starter-logging/2.4.0/spring-boot-starter-logging-2.4.0.jar:/home/yvs/.m2/repository/ch/qos/logback/logback-classic/1.2.3/logback-classic-1.2.3.jar:/home/yvs/.m2/repository/ch/qos/logback/logback-core/1.2.3/logback-core-1.2.3.jar:/home/yvs/.m2/repository/org/apache/logging/log4j/log4j-to-slf4j/2.13.3/log4j-to-slf4j-2.13.3.jar:/home/yvs/.m2/repository/org/apache/logging/log4j/log4j-api/2.13.3/log4j-api-2.13.3.jar:/home/yvs/.m2/repository/org/slf4j/jul-to-slf4j/1.7.30/jul-to-slf4j-1.7.30.jar:/home/yvs/.m2/repository/jakarta/annotation/jakarta.annotation-api/1.3.5/jakarta.annotation-api-1.3.5.jar:/home/yvs/.m2/repository/org/yaml/snakeyaml/1.27/snakeyaml-1.27.jar:/home/yvs/.m2/repository/org/springframework/boot/spring-boot-starter-json/2.4.0/spring-boot-starter-json-2.4.0.jar:/home/yvs/.m2/repository/com/fasterxml/jackson/core/jackson-databind/2.11.3/jackson-databind-2.11.3.jar:/home/yvs/.m2/repository/com/fasterxml/jackson/core/jackson-core/2.11.3/jackson-core-2.11.3.jar:/home/yvs/.m2/repository/com/fasterxml/jackson/datatype/jackson-datatype-jdk8/2.11.3/jackson-datatype-jdk8-2.11.3.jar:/home/yvs/.m2/repository/com/fasterxml/jackson/datatype/jackson-datatype-jsr310/2.11.3/jackson-datatype-jsr310-2.11.3.jar:/home/yvs/.m2/repository/com/fasterxml/jackson/module/jackson-module-parameter-names/2.11.3/jackson-module-parameter-names-2.11.3.jar:/home/yvs/.m2/repository/org/springframework/boot/spring-boot-starter-tomcat/2.4.0/spring-boot-starter-tomcat-2.4.0.jar:/home/yvs/.m2/repository/org/apache/tomcat/embed/tomcat-embed-core/9.0.39/tomcat-embed-core-9.0.39.jar:/home/yvs/.m2/repository/org/glassfish/jakarta.el/3.0.3/jakarta.el-3.0.3.jar:/home/yvs/.m2/repository/org/apache/tomcat/embed/tomcat-embed-websocket/9.0.39/tomcat-embed-websocket-9.0.39.jar:/home/yvs/.m2/repository/org/springframework/spring-web/5.3.1/spring-web-5.3.1.jar:/home/yvs/.m2/repository/org/springframework/spring-beans/5.3.1/spring-beans-5.3.1.jar:/home/yvs/.m2/repository/org/springframework/spring-webmvc/5.3.1/spring-webmvc-5.3.1.jar:/home/yvs/.m2/repository/org/springframework/spring-aop/5.3.1/spring-aop-5.3.1.jar:/home/yvs/.m2/repository/org/springframework/spring-context/5.3.1/spring-context-5.3.1.jar:/home/yvs/.m2/repository/org/springframework/spring-expression/5.3.1/spring-expression-5.3.1.jar:/home/yvs/.m2/repository/org/springframework/boot/spring-boot-devtools/2.4.0/spring-boot-devtools-2.4.0.jar:/home/yvs/.m2/repository/org/springframework/boot/spring-boot/2.4.0/spring-boot-2.4.0.jar:/home/yvs/.m2/repository/org/springframework/boot/spring-boot-autoconfigure/2.4.0/spring-boot-autoconfigure-2.4.0.jar:/home/yvs/.m2/repository/org/modelmapper/modelmapper/2.3.5/modelmapper-2.3.5.jar:/home/yvs/.m2/repository/io/springfox/springfox-swagger2/2.9.2/springfox-swagger2-2.9.2.jar:/home/yvs/.m2/repository/io/swagger/swagger-annotations/1.5.20/swagger-annotations-1.5.20.jar:/home/yvs/.m2/repository/io/swagger/swagger-models/1.5.20/swagger-models-1.5.20.jar:/home/yvs/.m2/repository/com/fasterxml/jackson/core/jackson-annotations/2.11.3/jackson-annotations-2.11.3.jar:/home/yvs/.m2/repository/io/springfox/springfox-spi/2.9.2/springfox-spi-2.9.2.jar:/home/yvs/.m2/repository/io/springfox/springfox-core/2.9.2/springfox-core-2.9.2.jar:/home/yvs/.m2/repository/io/springfox/springfox-schema/2.9.2/springfox-schema-2.9.2.jar:/home/yvs/.m2/repository/io/springfox/springfox-swagger-common/2.9.2/springfox-swagger-common-2.9.2.jar:/home/yvs/.m2/repository/io/springfox/springfox-spring-web/2.9.2/springfox-spring-web-2.9.2.jar:/home/yvs/.m2/repository/com/google/guava/guava/20.0/guava-20.0.jar:/home/yvs/.m2/repository/com/fasterxml/classmate/1.5.1/classmate-1.5.1.jar:/home/yvs/.m2/repository/org/slf4j/slf4j-api/1.7.30/slf4j-api-1.7.30.jar:/home/yvs/.m2/repository/org/springframework/plugin/spring-plugin-core/1.2.0.RELEASE/spring-plugin-core-1.2.0.RELEASE.jar:/home/yvs/.m2/repository/org/springframework/plugin/spring-plugin-metadata/1.2.0.RELEASE/spring-plugin-metadata-1.2.0.RELEASE.jar:/home/yvs/.m2/repository/org/mapstruct/mapstruct/1.2.0.Final/mapstruct-1.2.0.Final.jar:/home/yvs/.m2/repository/io/springfox/springfox-swagger-ui/2.9.2/springfox-swagger-ui-2.9.2.jar:/home/yvs/.m2/repository/io/rest-assured/rest-assured/3.3.0/rest-assured-3.3.0.jar:/home/yvs/.m2/repository/org/codehaus/groovy/groovy/2.5.13/groovy-2.5.13.jar:/home/yvs/.m2/repository/org/codehaus/groovy/groovy-xml/2.5.13/groovy-xml-2.5.13.jar:/home/yvs/.m2/repository/org/apache/httpcomponents/httpclient/4.5.13/httpclient-4.5.13.jar:/home/yvs/.m2/repository/org/apache/httpcomponents/httpcore/4.4.13/httpcore-4.4.13.jar:/home/yvs/.m2/repository/commons-codec/commons-codec/1.15/commons-codec-1.15.jar:/home/yvs/.m2/repository/org/apache/httpcomponents/httpmime/4.5.13/httpmime-4.5.13.jar:/home/yvs/.m2/repository/org/hamcrest/hamcrest-core/2.2/hamcrest-core-2.2.jar:/home/yvs/.m2/repository/org/hamcrest/hamcrest-library/2.2/hamcrest-library-2.2.jar:/home/yvs/.m2/repository/org/ccil/cowan/tagsoup/tagsoup/1.2.1/tagsoup-1.2.1.jar:/home/yvs/.m2/repository/io/rest-assured/json-path/3.3.0/json-path-3.3.0.jar:/home/yvs/.m2/repository/org/codehaus/groovy/groovy-json/2.5.13/groovy-json-2.5.13.jar:/home/yvs/.m2/repository/io/rest-assured/rest-assured-common/3.3.0/rest-assured-common-3.3.0.jar:/home/yvs/.m2/repository/io/rest-assured/xml-path/3.3.0/xml-path-3.3.0.jar:/home/yvs/.m2/repository/org/apache/commons/commons-lang3/3.11/commons-lang3-3.11.jar:/home/yvs/.m2/repository/javax/xml/bind/jaxb-api/2.3.1/jaxb-api-2.3.1.jar:/home/yvs/.m2/repository/javax/activation/javax.activation-api/1.2.0/javax.activation-api-1.2.0.jar:/home/yvs/.m2/repository/com/sun/xml/bind/jaxb-osgi/2.2.10/jaxb-osgi-2.2.10.jar:/home/yvs/.m2/repository/org/apache/sling/org.apache.sling.javax.activation/0.1.0/org.apache.sling.javax.activation-0.1.0.jar:/home/yvs/.m2/repository/javax/activation/activation/1.1.1/activation-1.1.1.jar:/home/yvs/.m2/repository/org/springframework/boot/spring-boot-starter-test/2.4.0/spring-boot-starter-test-2.4.0.jar:/home/yvs/.m2/repository/org/springframework/boot/spring-boot-test/2.4.0/spring-boot-test-2.4.0.jar:/home/yvs/.m2/repository/org/springframework/boot/spring-boot-test-autoconfigure/2.4.0/spring-boot-test-autoconfigure-2.4.0.jar:/home/yvs/.m2/repository/com/jayway/jsonpath/json-path/2.4.0/json-path-2.4.0.jar:/home/yvs/.m2/repository/net/minidev/json-smart/2.3/json-smart-2.3.jar:/home/yvs/.m2/repository/net/minidev/accessors-smart/1.2/accessors-smart-1.2.jar:/home/yvs/.m2/repository/org/ow2/asm/asm/5.0.4/asm-5.0.4.jar:/home/yvs/.m2/repository/jakarta/xml/bind/jakarta.xml.bind-api/2.3.3/jakarta.xml.bind-api-2.3.3.jar:/home/yvs/.m2/repository/jakarta/activation/jakarta.activation-api/1.2.2/jakarta.activation-api-1.2.2.jar:/home/yvs/.m2/repository/org/assertj/assertj-core/3.18.1/assertj-core-3.18.1.jar:/home/yvs/.m2/repository/org/hamcrest/hamcrest/2.2/hamcrest-2.2.jar:/home/yvs/.m2/repository/org/junit/jupiter/junit-jupiter/5.7.0/junit-jupiter-5.7.0.jar:/home/yvs/.m2/repository/org/junit/jupiter/junit-jupiter-api/5.7.0/junit-jupiter-api-5.7.0.jar:/home/yvs/.m2/repository/org/apiguardian/apiguardian-api/1.1.0/apiguardian-api-1.1.0.jar:/home/yvs/.m2/repository/org/opentest4j/opentest4j/1.2.0/opentest4j-1.2.0.jar:/home/yvs/.m2/repository/org/junit/platform/junit-platform-commons/1.7.0/junit-platform-commons-1.7.0.jar:/home/yvs/.m2/repository/org/junit/jupiter/junit-jupiter-params/5.7.0/junit-jupiter-params-5.7.0.jar:/home/yvs/.m2/repository/org/junit/jupiter/junit-jupiter-engine/5.7.0/junit-jupiter-engine-5.7.0.jar:/home/yvs/.m2/repository/org/junit/platform/junit-platform-engine/1.7.0/junit-platform-engine-1.7.0.jar:/home/yvs/.m2/repository/org/mockito/mockito-core/3.6.0/mockito-core-3.6.0.jar:/home/yvs/.m2/repository/net/bytebuddy/byte-buddy/1.10.18/byte-buddy-1.10.18.jar:/home/yvs/.m2/repository/net/bytebuddy/byte-buddy-agent/1.10.18/byte-buddy-agent-1.10.18.jar:/home/yvs/.m2/repository/org/objenesis/objenesis/3.1/objenesis-3.1.jar:/home/yvs/.m2/repository/org/mockito/mockito-junit-jupiter/3.6.0/mockito-junit-jupiter-3.6.0.jar:/home/yvs/.m2/repository/org/skyscreamer/jsonassert/1.5.0/jsonassert-1.5.0.jar:/home/yvs/.m2/repository/com/vaadin/external/google/android-json/0.0.20131108.vaadin1/android-json-0.0.20131108.vaadin1.jar:/home/yvs/.m2/repository/org/springframework/spring-core/5.3.1/spring-core-5.3.1.jar:/home/yvs/.m2/repository/org/springframework/spring-jcl/5.3.1/spring-jcl-5.3.1.jar:/home/yvs/.m2/repository/org/springframework/spring-test/5.3.1/spring-test-5.3.1.jar:/home/yvs/.m2/repository/org/xmlunit/xmlunit-core/2.7.0/xmlunit-core-2.7.0.jar:/home/yvs/.m2/repository/org/testcontainers/postgresql/1.15.0/postgresql-1.15.0.jar:/home/yvs/.m2/repository/org/testcontainers/jdbc/1.15.0/jdbc-1.15.0.jar:/home/yvs/.m2/repository/org/testcontainers/database-commons/1.15.0/database-commons-1.15.0.jar:/home/yvs/.m2/repository/org/testcontainers/testcontainers/1.15.0/testcontainers-1.15.0.jar:/home/yvs/.m2/repository/junit/junit/4.13.1/junit-4.13.1.jar:/home/yvs/.m2/repository/org/apache/commons/commons-compress/1.20/commons-compress-1.20.jar:/home/yvs/.m2/repository/org/rnorth/duct-tape/duct-tape/1.0.8/duct-tape-1.0.8.jar:/home/yvs/.m2/repository/org/rnorth/visible-assertions/visible-assertions/2.1.2/visible-assertions-2.1.2.jar:/home/yvs/.m2/repository/net/java/dev/jna/jna/5.2.0/jna-5.2.0.jar:/home/yvs/.m2/repository/com/github/docker-java/docker-java-api/3.2.5/docker-java-api-3.2.5.jar:/home/yvs/.m2/repository/com/github/docker-java/docker-java-transport-zerodep/3.2.5/docker-java-transport-zerodep-3.2.5.jar:/home/yvs/.m2/repository/com/github/docker-java/docker-java-transport/3.2.5/docker-java-transport-3.2.5.jar:"/>
    <property name="java.vm.vendor" value="Oracle Corporation"/>
    <property name="sun.arch.data.model" value="64"/>
    <property name="java.vendor.url" value="https://openjdk.java.net/"/>
    <property name="user.timezone" value=""/>
    <property name="java.vm.specification.version" value="11"/>
    <property name="os.name" value="Linux"/>
    <property name="sun.java.launcher" value="SUN_STANDARD"/>
    <property name="user.country" value="BR"/>
    <property name="sun.boot.library.path" value="/home/yvs/.sdkman/candidates/java/11.0.9.open-adpt/lib"/>
    <property name="sun.java.command" value="/media/yvs/Arquivos/desenvolvimento/DIO/Java/cloud-parking/target/surefire/surefirebooter15912366462277173969.jar /media/yvs/Arquivos/desenvolvimento/DIO/Java/cloud-parking/target/surefire 2021-01-18T18-59-26_789-jvmRun1 surefire6862740827319879857tmp surefire_05664453457294720616tmp"/>
    <property name="jdk.debug" value="release"/>
    <property name="surefire.test.class.path" value="/media/yvs/Arquivos/desenvolvimento/DIO/Java/cloud-parking/target/test-classes:/media/yvs/Arquivos/desenvolvimento/DIO/Java/cloud-parking/target/classes:/home/yvs/.m2/repository/org/springframework/boot/spring-boot-starter-web/2.4.0/spring-boot-starter-web-2.4.0.jar:/home/yvs/.m2/repository/org/springframework/boot/spring-boot-starter/2.4.0/spring-boot-starter-2.4.0.jar:/home/yvs/.m2/repository/org/springframework/boot/spring-boot-starter-logging/2.4.0/spring-boot-starter-logging-2.4.0.jar:/home/yvs/.m2/repository/ch/qos/logback/logback-classic/1.2.3/logback-classic-1.2.3.jar:/home/yvs/.m2/repository/ch/qos/logback/logback-core/1.2.3/logback-core-1.2.3.jar:/home/yvs/.m2/repository/org/apache/logging/log4j/log4j-to-slf4j/2.13.3/log4j-to-slf4j-2.13.3.jar:/home/yvs/.m2/repository/org/apache/logging/log4j/log4j-api/2.13.3/log4j-api-2.13.3.jar:/home/yvs/.m2/repository/org/slf4j/jul-to-slf4j/1.7.30/jul-to-slf4j-1.7.30.jar:/home/yvs/.m2/repository/jakarta/annotation/jakarta.annotation-api/1.3.5/jakarta.annotation-api-1.3.5.jar:/home/yvs/.m2/repository/org/yaml/snakeyaml/1.27/snakeyaml-1.27.jar:/home/yvs/.m2/repository/org/springframework/boot/spring-boot-starter-json/2.4.0/spring-boot-starter-json-2.4.0.jar:/home/yvs/.m2/repository/com/fasterxml/jackson/core/jackson-databind/2.11.3/jackson-databind-2.11.3.jar:/home/yvs/.m2/repository/com/fasterxml/jackson/core/jackson-core/2.11.3/jackson-core-2.11.3.jar:/home/yvs/.m2/repository/com/fasterxml/jackson/datatype/jackson-datatype-jdk8/2.11.3/jackson-datatype-jdk8-2.11.3.jar:/home/yvs/.m2/repository/com/fasterxml/jackson/datatype/jackson-datatype-jsr310/2.11.3/jackson-datatype-jsr310-2.11.3.jar:/home/yvs/.m2/repository/com/fasterxml/jackson/module/jackson-module-parameter-names/2.11.3/jackson-module-parameter-names-2.11.3.jar:/home/yvs/.m2/repository/org/springframework/boot/spring-boot-starter-tomcat/2.4.0/spring-boot-starter-tomcat-2.4.0.jar:/home/yvs/.m2/repository/org/apache/tomcat/embed/tomcat-embed-core/9.0.39/tomcat-embed-core-9.0.39.jar:/home/yvs/.m2/repository/org/glassfish/jakarta.el/3.0.3/jakarta.el-3.0.3.jar:/home/yvs/.m2/repository/org/apache/tomcat/embed/tomcat-embed-websocket/9.0.39/tomcat-embed-websocket-9.0.39.jar:/home/yvs/.m2/repository/org/springframework/spring-web/5.3.1/spring-web-5.3.1.jar:/home/yvs/.m2/repository/org/springframework/spring-beans/5.3.1/spring-beans-5.3.1.jar:/home/yvs/.m2/repository/org/springframework/spring-webmvc/5.3.1/spring-webmvc-5.3.1.jar:/home/yvs/.m2/repository/org/springframework/spring-aop/5.3.1/spring-aop-5.3.1.jar:/home/yvs/.m2/repository/org/springframework/spring-context/5.3.1/spring-context-5.3.1.jar:/home/yvs/.m2/repository/org/springframework/spring-expression/5.3.1/spring-expression-5.3.1.jar:/home/yvs/.m2/repository/org/springframework/boot/spring-boot-devtools/2.4.0/spring-boot-devtools-2.4.0.jar:/home/yvs/.m2/repository/org/springframework/boot/spring-boot/2.4.0/spring-boot-2.4.0.jar:/home/yvs/.m2/repository/org/springframework/boot/spring-boot-autoconfigure/2.4.0/spring-boot-autoconfigure-2.4.0.jar:/home/yvs/.m2/repository/org/modelmapper/modelmapper/2.3.5/modelmapper-2.3.5.jar:/home/yvs/.m2/repository/io/springfox/springfox-swagger2/2.9.2/springfox-swagger2-2.9.2.jar:/home/yvs/.m2/repository/io/swagger/swagger-annotations/1.5.20/swagger-annotations-1.5.20.jar:/home/yvs/.m2/repository/io/swagger/swagger-models/1.5.20/swagger-models-1.5.20.jar:/home/yvs/.m2/repository/com/fasterxml/jackson/core/jackson-annotations/2.11.3/jackson-annotations-2.11.3.jar:/home/yvs/.m2/repository/io/springfox/springfox-spi/2.9.2/springfox-spi-2.9.2.jar:/home/yvs/.m2/repository/io/springfox/springfox-core/2.9.2/springfox-core-2.9.2.jar:/home/yvs/.m2/repository/io/springfox/springfox-schema/2.9.2/springfox-schema-2.9.2.jar:/home/yvs/.m2/repository/io/springfox/springfox-swagger-common/2.9.2/springfox-swagger-common-2.9.2.jar:/home/yvs/.m2/repository/io/springfox/springfox-spring-web/2.9.2/springfox-spring-web-2.9.2.jar:/home/yvs/.m2/repository/com/google/guava/guava/20.0/guava-20.0.jar:/home/yvs/.m2/repository/com/fasterxml/classmate/1.5.1/classmate-1.5.1.jar:/home/yvs/.m2/repository/org/slf4j/slf4j-api/1.7.30/slf4j-api-1.7.30.jar:/home/yvs/.m2/repository/org/springframework/plugin/spring-plugin-core/1.2.0.RELEASE/spring-plugin-core-1.2.0.RELEASE.jar:/home/yvs/.m2/repository/org/springframework/plugin/spring-plugin-metadata/1.2.0.RELEASE/spring-plugin-metadata-1.2.0.RELEASE.jar:/home/yvs/.m2/repository/org/mapstruct/mapstruct/1.2.0.Final/mapstruct-1.2.0.Final.jar:/home/yvs/.m2/repository/io/springfox/springfox-swagger-ui/2.9.2/springfox-swagger-ui-2.9.2.jar:/home/yvs/.m2/repository/io/rest-assured/rest-assured/3.3.0/rest-assured-3.3.0.jar:/home/yvs/.m2/repository/org/codehaus/groovy/groovy/2.5.13/groovy-2.5.13.jar:/home/yvs/.m2/repository/org/codehaus/groovy/groovy-xml/2.5.13/groovy-xml-2.5.13.jar:/home/yvs/.m2/repository/org/apache/httpcomponents/httpclient/4.5.13/httpclient-4.5.13.jar:/home/yvs/.m2/repository/org/apache/httpcomponents/httpcore/4.4.13/httpcore-4.4.13.jar:/home/yvs/.m2/repository/commons-codec/commons-codec/1.15/commons-codec-1.15.jar:/home/yvs/.m2/repository/org/apache/httpcomponents/httpmime/4.5.13/httpmime-4.5.13.jar:/home/yvs/.m2/repository/org/hamcrest/hamcrest-core/2.2/hamcrest-core-2.2.jar:/home/yvs/.m2/repository/org/hamcrest/hamcrest-library/2.2/hamcrest-library-2.2.jar:/home/yvs/.m2/repository/org/ccil/cowan/tagsoup/tagsoup/1.2.1/tagsoup-1.2.1.jar:/home/yvs/.m2/repository/io/rest-assured/json-path/3.3.0/json-path-3.3.0.jar:/home/yvs/.m2/repository/org/codehaus/groovy/groovy-json/2.5.13/groovy-json-2.5.13.jar:/home/yvs/.m2/repository/io/rest-assured/rest-assured-common/3.3.0/rest-assured-common-3.3.0.jar:/home/yvs/.m2/repository/io/rest-assured/xml-path/3.3.0/xml-path-3.3.0.jar:/home/yvs/.m2/repository/org/apache/commons/commons-lang3/3.11/commons-lang3-3.11.jar:/home/yvs/.m2/repository/javax/xml/bind/jaxb-api/2.3.1/jaxb-api-2.3.1.jar:/home/yvs/.m2/repository/javax/activation/javax.activation-api/1.2.0/javax.activation-api-1.2.0.jar:/home/yvs/.m2/repository/com/sun/xml/bind/jaxb-osgi/2.2.10/jaxb-osgi-2.2.10.jar:/home/yvs/.m2/repository/org/apache/sling/org.apache.sling.javax.activation/0.1.0/org.apache.sling.javax.activation-0.1.0.jar:/home/yvs/.m2/repository/javax/activation/activation/1.1.1/activation-1.1.1.jar:/home/yvs/.m2/repository/org/springframework/boot/spring-boot-starter-test/2.4.0/spring-boot-starter-test-2.4.0.jar:/home/yvs/.m2/repository/org/springframework/boot/spring-boot-test/2.4.0/spring-boot-test-2.4.0.jar:/home/yvs/.m2/repository/org/springframework/boot/spring-boot-test-autoconfigure/2.4.0/spring-boot-test-autoconfigure-2.4.0.jar:/home/yvs/.m2/repository/com/jayway/jsonpath/json-path/2.4.0/json-path-2.4.0.jar:/home/yvs/.m2/repository/net/minidev/json-smart/2.3/json-smart-2.3.jar:/home/yvs/.m2/repository/net/minidev/accessors-smart/1.2/accessors-smart-1.2.jar:/home/yvs/.m2/repository/org/ow2/asm/asm/5.0.4/asm-5.0.4.jar:/home/yvs/.m2/repository/jakarta/xml/bind/jakarta.xml.bind-api/2.3.3/jakarta.xml.bind-api-2.3.3.jar:/home/yvs/.m2/repository/jakarta/activation/jakarta.activation-api/1.2.2/jakarta.activation-api-1.2.2.jar:/home/yvs/.m2/repository/org/assertj/assertj-core/3.18.1/assertj-core-3.18.1.jar:/home/yvs/.m2/repository/org/hamcrest/hamcrest/2.2/hamcrest-2.2.jar:/home/yvs/.m2/repository/org/junit/jupiter/junit-jupiter/5.7.0/junit-jupiter-5.7.0.jar:/home/yvs/.m2/repository/org/junit/jupiter/junit-jupiter-api/5.7.0/junit-jupiter-api-5.7.0.jar:/home/yvs/.m2/repository/org/apiguardian/apiguardian-api/1.1.0/apiguardian-api-1.1.0.jar:/home/yvs/.m2/repository/org/opentest4j/opentest4j/1.2.0/opentest4j-1.2.0.jar:/home/yvs/.m2/repository/org/junit/platform/junit-platform-commons/1.7.0/junit-platform-commons-1.7.0.jar:/home/yvs/.m2/repository/org/junit/jupiter/junit-jupiter-params/5.7.0/junit-jupiter-params-5.7.0.jar:/home/yvs/.m2/repository/org/junit/jupiter/junit-jupiter-engine/5.7.0/junit-jupiter-engine-5.7.0.jar:/home/yvs/.m2/repository/org/junit/platform/junit-platform-engine/1.7.0/junit-platform-engine-1.7.0.jar:/home/yvs/.m2/repository/org/mockito/mockito-core/3.6.0/mockito-core-3.6.0.jar:/home/yvs/.m2/repository/net/bytebuddy/byte-buddy/1.10.18/byte-buddy-1.10.18.jar:/home/yvs/.m2/repository/net/bytebuddy/byte-buddy-agent/1.10.18/byte-buddy-agent-1.10.18.jar:/home/yvs/.m2/repository/org/objenesis/objenesis/3.1/objenesis-3.1.jar:/home/yvs/.m2/repository/org/mockito/mockito-junit-jupiter/3.6.0/mockito-junit-jupiter-3.6.0.jar:/home/yvs/.m2/repository/org/skyscreamer/jsonassert/1.5.0/jsonassert-1.5.0.jar:/home/yvs/.m2/repository/com/vaadin/external/google/android-json/0.0.20131108.vaadin1/android-json-0.0.20131108.vaadin1.jar:/home/yvs/.m2/repository/org/springframework/spring-core/5.3.1/spring-core-5.3.1.jar:/home/yvs/.m2/repository/org/springframework/spring-jcl/5.3.1/spring-jcl-5.3.1.jar:/home/yvs/.m2/repository/org/springframework/spring-test/5.3.1/spring-test-5.3.1.jar:/home/yvs/.m2/repository/org/xmlunit/xmlunit-core/2.7.0/xmlunit-core-2.7.0.jar:/home/yvs/.m2/repository/org/testcontainers/postgresql/1.15.0/postgresql-1.15.0.jar:/home/yvs/.m2/repository/org/testcontainers/jdbc/1.15.0/jdbc-1.15.0.jar:/home/yvs/.m2/repository/org/testcontainers/database-commons/1.15.0/database-commons-1.15.0.jar:/home/yvs/.m2/repository/org/testcontainers/testcontainers/1.15.0/testcontainers-1.15.0.jar:/home/yvs/.m2/repository/junit/junit/4.13.1/junit-4.13.1.jar:/home/yvs/.m2/repository/org/apache/commons/commons-compress/1.20/commons-compress-1.20.jar:/home/yvs/.m2/repository/org/rnorth/duct-tape/duct-tape/1.0.8/duct-tape-1.0.8.jar:/home/yvs/.m2/repository/org/rnorth/visible-assertions/visible-assertions/2.1.2/visible-assertions-2.1.2.jar:/home/yvs/.m2/repository/net/java/dev/jna/jna/5.2.0/jna-5.2.0.jar:/home/yvs/.m2/repository/com/github/docker-java/docker-java-api/3.2.5/docker-java-api-3.2.5.jar:/home/yvs/.m2/repository/com/github/docker-java/docker-java-transport-zerodep/3.2.5/docker-java-transport-zerodep-3.2.5.jar:/home/yvs/.m2/repository/com/github/docker-java/docker-java-transport/3.2.5/docker-java-transport-3.2.5.jar:"/>
    <property name="sun.cpu.endian" value="little"/>
    <property name="user.home" value="/home/yvs"/>
    <property name="user.language" value="pt"/>
    <property name="java.specification.vendor" value="Oracle Corporation"/>
    <property name="java.version.date" value="2020-11-04"/>
    <property name="java.home" value="/home/yvs/.sdkman/candidates/java/11.0.9.open-adpt"/>
    <property name="file.separator" value="/"/>
    <property name="basedir" value="/media/yvs/Arquivos/desenvolvimento/DIO/Java/cloud-parking"/>
    <property name="java.vm.compressedOopsMode" value="Zero based"/>
    <property name="line.separator" value="&#10;"/>
    <property name="java.specification.name" value="Java Platform API Specification"/>
    <property name="java.vm.specification.vendor" value="Oracle Corporation"/>
    <property name="java.awt.graphicsenv" value="sun.awt.X11GraphicsEnvironment"/>
    <property name="surefire.real.class.path" value="/media/yvs/Arquivos/desenvolvimento/DIO/Java/cloud-parking/target/surefire/surefirebooter15912366462277173969.jar"/>
    <property name="sun.management.compiler" value="HotSpot 64-Bit Tiered Compilers"/>
    <property name="java.runtime.version" value="11.0.9.1+1"/>
    <property name="user.name" value="yvs"/>
    <property name="path.separator" value=":"/>
    <property name="os.version" value="5.8.0-36-generic"/>
    <property name="java.runtime.name" value="OpenJDK Runtime Environment"/>
    <property name="file.encoding" value="UTF-8"/>
    <property name="java.vm.name" value="OpenJDK 64-Bit Server VM"/>
    <property name="java.vendor.version" value="18.9"/>
    <property name="localRepository" value="/home/yvs/.m2/repository"/>
    <property name="java.vendor.url.bug" value="https://bugreport.java.com/bugreport/"/>
    <property name="java.io.tmpdir" value="/tmp"/>
    <property name="java.version" value="11.0.9.1"/>
    <property name="user.dir" value="/media/yvs/Arquivos/desenvolvimento/DIO/Java/cloud-parking"/>
    <property name="os.arch" value="amd64"/>
    <property name="java.vm.specification.name" value="Java Virtual Machine Specification"/>
    <property name="java.awt.printerjob" value="sun.print.PSPrinterJob"/>
    <property name="sun.os.patch.level" value="unknown"/>
    <property name="java.library.path" value="/usr/java/packages/lib:/usr/lib64:/lib64:/lib:/usr/lib"/>
    <property name="java.vm.info" value="mixed mode"/>
    <property name="java.vendor" value="Oracle Corporation"/>
    <property name="java.vm.version" value="11.0.9.1+1"/>
    <property name="sun.io.unicode.encoding" value="UnicodeLittle"/>
    <property name="java.class.version" value="55.0"/>
  </properties>
  <testcase name="whenCreateThenCheckResult" classname="com.yvsistemas.cloudparking.controller.ParkingControllerTest" time="6.13"/>
  <testcase name="whenFindAllThenCheckResult" classname="com.yvsistemas.cloudparking.controller.ParkingControllerTest" time="0.097"/>
</testsuite>